2024/01/27 04:36:42 [notice] 1#1: using the "epoll" event method
2024/01/27 04:36:42 [notice] 1#1: nginx/1.25.3
2024/01/27 04:36:42 [notice] 1#1: built by gcc 12.2.1 20220924 (Alpine 12.2.1_git20220924-r10) 
2024/01/27 04:36:42 [notice] 1#1: OS: Linux 6.5.11-linuxkit
2024/01/27 04:36:42 [notice] 1#1: getrlimit(RLIMIT_NOFILE): 1048576:1048576
2024/01/27 04:36:42 [notice] 1#1: start worker processes
2024/01/27 04:36:42 [notice] 1#1: start worker process 22
2024/01/27 04:36:42 [notice] 1#1: start worker process 23
2024/01/27 04:36:42 [notice] 1#1: start worker process 24
2024/01/27 04:36:42 [notice] 1#1: start worker process 25
2024/01/27 04:39:04 [notice] 1#1: using the "epoll" event method
2024/01/27 04:39:04 [notice] 1#1: nginx/1.25.3
2024/01/27 04:39:04 [notice] 1#1: built by gcc 12.2.1 20220924 (Alpine 12.2.1_git20220924-r10) 
2024/01/27 04:39:04 [notice] 1#1: OS: Linux 6.5.11-linuxkit
2024/01/27 04:39:04 [notice] 1#1: getrlimit(RLIMIT_NOFILE): 1048576:1048576
2024/01/27 04:39:04 [notice] 1#1: start worker processes
2024/01/27 04:39:04 [notice] 1#1: start worker process 22
2024/01/27 04:39:04 [notice] 1#1: start worker process 23
2024/01/27 04:39:04 [notice] 1#1: start worker process 24
2024/01/27 04:39:04 [notice] 1#1: start worker process 25
2024/01/27 05:52:45 [notice] 1#1: signal 3 (SIGQUIT) received, shutting down
2024/01/27 05:52:45 [notice] 22#22: gracefully shutting down
2024/01/27 05:52:45 [notice] 22#22: exiting
2024/01/27 05:52:45 [notice] 24#24: gracefully shutting down
2024/01/27 05:52:45 [notice] 24#24: exiting
2024/01/27 05:52:45 [notice] 25#25: gracefully shutting down
2024/01/27 05:52:45 [notice] 23#23: gracefully shutting down
2024/01/27 05:52:45 [notice] 22#22: exit
2024/01/27 05:52:45 [notice] 24#24: exit
2024/01/27 05:52:45 [notice] 25#25: exiting
2024/01/27 05:52:45 [notice] 23#23: exiting
2024/01/27 05:52:45 [notice] 25#25: exit
2024/01/27 05:52:45 [notice] 23#23: exit
2024/01/27 05:52:45 [notice] 1#1: signal 17 (SIGCHLD) received from 24
2024/01/27 05:52:45 [notice] 1#1: worker process 22 exited with code 0
2024/01/27 05:52:45 [notice] 1#1: worker process 23 exited with code 0
2024/01/27 05:52:45 [notice] 1#1: worker process 24 exited with code 0
2024/01/27 05:52:45 [notice] 1#1: worker process 25 exited with code 0
2024/01/27 05:52:45 [notice] 1#1: exit
2024/01/27 05:52:46 [notice] 1#1: using the "epoll" event method
2024/01/27 05:52:46 [notice] 1#1: nginx/1.25.3
2024/01/27 05:52:46 [notice] 1#1: built by gcc 12.2.1 20220924 (Alpine 12.2.1_git20220924-r10) 
2024/01/27 05:52:46 [notice] 1#1: OS: Linux 6.5.11-linuxkit
2024/01/27 05:52:46 [notice] 1#1: getrlimit(RLIMIT_NOFILE): 1048576:1048576
2024/01/27 05:52:46 [notice] 1#1: start worker processes
2024/01/27 05:52:46 [notice] 1#1: start worker process 22
2024/01/27 05:52:46 [notice] 1#1: start worker process 23
2024/01/27 05:52:46 [notice] 1#1: start worker process 24
2024/01/27 05:52:46 [notice] 1#1: start worker process 25
2024/01/27 05:54:25 [notice] 1#1: signal 3 (SIGQUIT) received, shutting down
2024/01/27 05:54:25 [notice] 22#22: gracefully shutting down
2024/01/27 05:54:25 [notice] 22#22: exiting
2024/01/27 05:54:25 [notice] 25#25: gracefully shutting down
2024/01/27 05:54:25 [notice] 23#23: gracefully shutting down
2024/01/27 05:54:25 [notice] 23#23: exiting
2024/01/27 05:54:25 [notice] 24#24: gracefully shutting down
2024/01/27 05:54:25 [notice] 24#24: exiting
2024/01/27 05:54:25 [notice] 22#22: exit
2024/01/27 05:54:25 [notice] 25#25: exiting
2024/01/27 05:54:25 [notice] 23#23: exit
2024/01/27 05:54:25 [notice] 24#24: exit
2024/01/27 05:54:25 [notice] 25#25: exit
2024/01/27 05:54:25 [notice] 1#1: signal 17 (SIGCHLD) received from 22
2024/01/27 05:54:25 [notice] 1#1: worker process 22 exited with code 0
2024/01/27 05:54:25 [notice] 1#1: signal 29 (SIGIO) received
2024/01/27 05:54:25 [notice] 1#1: signal 17 (SIGCHLD) received from 23
2024/01/27 05:54:25 [notice] 1#1: worker process 23 exited with code 0
2024/01/27 05:54:25 [notice] 1#1: worker process 24 exited with code 0
2024/01/27 05:54:25 [notice] 1#1: signal 29 (SIGIO) received
2024/01/27 05:54:25 [notice] 1#1: signal 17 (SIGCHLD) received from 24
2024/01/27 05:54:25 [notice] 1#1: signal 17 (SIGCHLD) received from 25
2024/01/27 05:54:25 [notice] 1#1: worker process 25 exited with code 0
2024/01/27 05:54:25 [notice] 1#1: exit
2024/01/27 05:54:26 [notice] 1#1: using the "epoll" event method
2024/01/27 05:54:26 [notice] 1#1: nginx/1.25.3
2024/01/27 05:54:26 [notice] 1#1: built by gcc 12.2.1 20220924 (Alpine 12.2.1_git20220924-r10) 
2024/01/27 05:54:26 [notice] 1#1: OS: Linux 6.5.11-linuxkit
2024/01/27 05:54:26 [notice] 1#1: getrlimit(RLIMIT_NOFILE): 1048576:1048576
2024/01/27 05:54:26 [notice] 1#1: start worker processes
2024/01/27 05:54:26 [notice] 1#1: start worker process 22
2024/01/27 05:54:26 [notice] 1#1: start worker process 23
2024/01/27 05:54:26 [notice] 1#1: start worker process 24
2024/01/27 05:54:26 [notice] 1#1: start worker process 25
2024/01/27 05:56:40 [notice] 1#1: signal 3 (SIGQUIT) received, shutting down
2024/01/27 05:56:40 [notice] 22#22: gracefully shutting down
2024/01/27 05:56:40 [notice] 22#22: exiting
2024/01/27 05:56:40 [notice] 25#25: gracefully shutting down
2024/01/27 05:56:40 [notice] 24#24: gracefully shutting down
2024/01/27 05:56:40 [notice] 23#23: gracefully shutting down
2024/01/27 05:56:40 [notice] 22#22: exit
2024/01/27 05:56:40 [notice] 25#25: exiting
2024/01/27 05:56:40 [notice] 24#24: exiting
2024/01/27 05:56:40 [notice] 23#23: exiting
2024/01/27 05:56:40 [notice] 25#25: exit
2024/01/27 05:56:40 [notice] 24#24: exit
2024/01/27 05:56:40 [notice] 23#23: exit
2024/01/27 05:56:40 [notice] 1#1: signal 17 (SIGCHLD) received from 25
2024/01/27 05:56:40 [notice] 1#1: worker process 22 exited with code 0
2024/01/27 05:56:40 [notice] 1#1: worker process 24 exited with code 0
2024/01/27 05:56:40 [notice] 1#1: worker process 25 exited with code 0
2024/01/27 05:56:40 [notice] 1#1: signal 29 (SIGIO) received
2024/01/27 05:56:40 [notice] 1#1: signal 17 (SIGCHLD) received from 23
2024/01/27 05:56:40 [notice] 1#1: worker process 23 exited with code 0
2024/01/27 05:56:40 [notice] 1#1: exit
2024/01/27 05:56:41 [notice] 1#1: using the "epoll" event method
2024/01/27 05:56:41 [notice] 1#1: nginx/1.25.3
2024/01/27 05:56:41 [notice] 1#1: built by gcc 12.2.1 20220924 (Alpine 12.2.1_git20220924-r10) 
2024/01/27 05:56:41 [notice] 1#1: OS: Linux 6.5.11-linuxkit
2024/01/27 05:56:41 [notice] 1#1: getrlimit(RLIMIT_NOFILE): 1048576:1048576
2024/01/27 05:56:41 [notice] 1#1: start worker processes
2024/01/27 05:56:41 [notice] 1#1: start worker process 22
2024/01/27 05:56:41 [notice] 1#1: start worker process 23
2024/01/27 05:56:41 [notice] 1#1: start worker process 24
2024/01/27 05:56:41 [notice] 1#1: start worker process 25
2024/01/27 05:58:48 [notice] 1#1: using the "epoll" event method
2024/01/27 05:58:48 [notice] 1#1: nginx/1.25.3
2024/01/27 05:58:48 [notice] 1#1: built by gcc 12.2.1 20220924 (Alpine 12.2.1_git20220924-r10) 
2024/01/27 05:58:48 [notice] 1#1: OS: Linux 6.5.11-linuxkit
2024/01/27 05:58:48 [notice] 1#1: getrlimit(RLIMIT_NOFILE): 1048576:1048576
2024/01/27 05:58:48 [notice] 1#1: start worker processes
2024/01/27 05:58:48 [notice] 1#1: start worker process 22
2024/01/27 05:58:48 [notice] 1#1: start worker process 23
2024/01/27 05:58:48 [notice] 1#1: start worker process 24
2024/01/27 05:58:48 [notice] 1#1: start worker process 25
2024/01/27 06:02:28 [notice] 1#1: using the "epoll" event method
2024/01/27 06:02:28 [notice] 1#1: nginx/1.25.3
2024/01/27 06:02:28 [notice] 1#1: built by gcc 12.2.1 20220924 (Alpine 12.2.1_git20220924-r10) 
2024/01/27 06:02:28 [notice] 1#1: OS: Linux 6.5.11-linuxkit
2024/01/27 06:02:28 [notice] 1#1: getrlimit(RLIMIT_NOFILE): 1048576:1048576
2024/01/27 06:02:28 [notice] 1#1: start worker processes
2024/01/27 06:02:28 [notice] 1#1: start worker process 22
2024/01/27 06:02:28 [notice] 1#1: start worker process 23
2024/01/27 06:02:28 [notice] 1#1: start worker process 24
2024/01/27 06:02:28 [notice] 1#1: start worker process 25
2024/01/27 06:05:55 [error] 24#24: *3 open() "/www/favicon.ico" failed (2: No such file or directory), client: 192.168.65.1, server: localhost, request: "GET /favicon.ico HTTP/1.1", host: "localhost:8080", referrer: "http://localhost:8080/"
2024/01/27 06:16:30 [notice] 1#1: signal 3 (SIGQUIT) received, shutting down
2024/01/27 06:16:30 [notice] 23#23: gracefully shutting down
2024/01/27 06:16:30 [notice] 24#24: gracefully shutting down
2024/01/27 06:16:30 [notice] 22#22: gracefully shutting down
2024/01/27 06:16:30 [notice] 25#25: gracefully shutting down
2024/01/27 06:16:30 [notice] 23#23: exiting
2024/01/27 06:16:30 [notice] 24#24: exiting
2024/01/27 06:16:30 [notice] 22#22: exiting
2024/01/27 06:16:30 [notice] 24#24: exit
2024/01/27 06:16:30 [notice] 25#25: exiting
2024/01/27 06:16:30 [notice] 23#23: exit
2024/01/27 06:16:30 [notice] 22#22: exit
2024/01/27 06:16:30 [notice] 25#25: exit
2024/01/27 06:16:30 [notice] 1#1: signal 17 (SIGCHLD) received from 23
2024/01/27 06:16:30 [notice] 1#1: worker process 23 exited with code 0
2024/01/27 06:16:30 [notice] 1#1: worker process 25 exited with code 0
2024/01/27 06:16:30 [notice] 1#1: signal 29 (SIGIO) received
2024/01/27 06:16:30 [notice] 1#1: signal 17 (SIGCHLD) received from 22
2024/01/27 06:16:30 [notice] 1#1: worker process 22 exited with code 0
2024/01/27 06:16:30 [notice] 1#1: signal 29 (SIGIO) received
2024/01/27 06:16:30 [notice] 1#1: signal 17 (SIGCHLD) received from 24
2024/01/27 06:16:30 [notice] 1#1: worker process 24 exited with code 0
2024/01/27 06:16:30 [notice] 1#1: exit
2024/01/27 06:18:25 [notice] 1#1: using the "epoll" event method
2024/01/27 06:18:25 [notice] 1#1: nginx/1.25.3
2024/01/27 06:18:25 [notice] 1#1: built by gcc 12.2.1 20220924 (Alpine 12.2.1_git20220924-r10) 
2024/01/27 06:18:25 [notice] 1#1: OS: Linux 6.5.11-linuxkit
2024/01/27 06:18:25 [notice] 1#1: getrlimit(RLIMIT_NOFILE): 1048576:1048576
2024/01/27 06:18:25 [notice] 1#1: start worker processes
2024/01/27 06:18:25 [notice] 1#1: start worker process 21
2024/01/27 06:18:25 [notice] 1#1: start worker process 22
2024/01/27 06:18:25 [notice] 1#1: start worker process 23
2024/01/27 06:18:25 [notice] 1#1: start worker process 24
2024/01/27 06:40:06 [notice] 1#1: signal 3 (SIGQUIT) received, shutting down
2024/01/27 06:40:06 [notice] 21#21: gracefully shutting down
2024/01/27 06:40:06 [notice] 22#22: gracefully shutting down
2024/01/27 06:40:06 [notice] 23#23: gracefully shutting down
2024/01/27 06:40:06 [notice] 24#24: gracefully shutting down
2024/01/27 06:40:06 [notice] 22#22: exiting
2024/01/27 06:40:06 [notice] 23#23: exiting
2024/01/27 06:40:06 [notice] 24#24: exiting
2024/01/27 06:40:06 [notice] 22#22: exit
2024/01/27 06:40:06 [notice] 23#23: exit
2024/01/27 06:40:06 [notice] 24#24: exit
2024/01/27 06:40:06 [notice] 1#1: signal 17 (SIGCHLD) received from 22
2024/01/27 06:40:06 [notice] 1#1: worker process 22 exited with code 0
2024/01/27 06:40:06 [notice] 1#1: signal 29 (SIGIO) received
2024/01/27 06:40:06 [notice] 1#1: signal 17 (SIGCHLD) received from 23
2024/01/27 06:40:06 [notice] 1#1: worker process 23 exited with code 0
2024/01/27 06:40:06 [notice] 1#1: signal 29 (SIGIO) received
2024/01/27 06:40:06 [notice] 1#1: signal 17 (SIGCHLD) received from 24
2024/01/27 06:40:06 [notice] 1#1: worker process 24 exited with code 0
2024/01/27 06:40:06 [notice] 1#1: signal 29 (SIGIO) received
2024/01/27 06:40:19 [emerg] 1#1: host not found in upstream "php83" in /etc/nginx/conf.d/default.conf:34
2024/01/27 06:40:27 [emerg] 1#1: host not found in upstream "php83" in /etc/nginx/conf.d/default.conf:34
2024/01/27 06:41:28 [emerg] 1#1: host not found in upstream "php" in /etc/nginx/conf.d/default.conf:34
2024/01/27 06:42:49 [emerg] 1#1: host not found in upstream "php" in /etc/nginx/conf.d/default.conf:34
2024/01/27 06:45:29 [emerg] 1#1: host not found in upstream "php" in /etc/nginx/conf.d/default.conf:31
2024/01/27 06:45:49 [emerg] 1#1: host not found in upstream "php" in /etc/nginx/conf.d/default.conf:31
2024/01/27 06:46:47 [emerg] 1#1: host not found in upstream "php83" in /etc/nginx/conf.d/default.conf:31
2024/01/27 06:49:50 [emerg] 1#1: host not found in upstream "php83" in /etc/nginx/conf.d/default.conf:32
2024/01/27 06:50:07 [notice] 1#1: using the "epoll" event method
2024/01/27 06:50:07 [notice] 1#1: nginx/1.25.3
2024/01/27 06:50:07 [notice] 1#1: built by gcc 12.2.1 20220924 (Alpine 12.2.1_git20220924-r10) 
2024/01/27 06:50:07 [notice] 1#1: OS: Linux 6.5.11-linuxkit
2024/01/27 06:50:07 [notice] 1#1: getrlimit(RLIMIT_NOFILE): 1048576:1048576
2024/01/27 06:50:07 [notice] 1#1: start worker processes
2024/01/27 06:50:07 [notice] 1#1: start worker process 22
2024/01/27 06:50:07 [notice] 1#1: start worker process 23
2024/01/27 06:50:07 [notice] 1#1: start worker process 24
2024/01/27 06:50:07 [notice] 1#1: start worker process 25
2024/01/27 07:48:21 [notice] 1#1: signal 3 (SIGQUIT) received, shutting down
2024/01/27 07:48:21 [notice] 23#23: gracefully shutting down
2024/01/27 07:48:21 [notice] 25#25: gracefully shutting down
2024/01/27 07:48:21 [notice] 23#23: exiting
2024/01/27 07:48:21 [notice] 22#22: gracefully shutting down
2024/01/27 07:48:21 [notice] 23#23: exit
2024/01/27 07:48:21 [notice] 24#24: gracefully shutting down
2024/01/27 07:48:21 [notice] 25#25: exiting
2024/01/27 07:48:21 [notice] 22#22: exiting
2024/01/27 07:48:21 [notice] 25#25: exit
2024/01/27 07:48:21 [notice] 24#24: exiting
2024/01/27 07:48:21 [notice] 22#22: exit
2024/01/27 07:48:21 [notice] 24#24: exit
2024/01/27 07:48:21 [notice] 1#1: signal 17 (SIGCHLD) received from 23
2024/01/27 07:48:21 [notice] 1#1: worker process 23 exited with code 0
2024/01/27 07:48:21 [notice] 1#1: worker process 25 exited with code 0
2024/01/27 07:48:21 [notice] 1#1: signal 29 (SIGIO) received
2024/01/27 07:48:21 [notice] 1#1: signal 17 (SIGCHLD) received from 25
2024/01/27 07:48:21 [notice] 1#1: worker process 22 exited with code 0
2024/01/27 07:48:21 [notice] 1#1: signal 29 (SIGIO) received
2024/01/27 07:48:21 [notice] 1#1: signal 17 (SIGCHLD) received from 22
2024/01/27 07:48:21 [notice] 1#1: signal 17 (SIGCHLD) received from 24
2024/01/27 07:48:21 [notice] 1#1: worker process 24 exited with code 0
2024/01/27 07:48:21 [notice] 1#1: exit
2024/01/27 07:48:22 [emerg] 1#1: host not found in upstream "php83" in /etc/nginx/conf.d/default.conf:32
2024/01/27 07:48:51 [emerg] 1#1: host not found in upstream "php" in /etc/nginx/conf.d/default.conf:32
2024/01/27 07:48:59 [emerg] 1#1: host not found in upstream "php" in /etc/nginx/conf.d/default.conf:32
2024/01/27 07:50:50 [emerg] 1#1: host not found in upstream "php" in /etc/nginx/conf.d/default.conf:32
2024/01/27 07:52:46 [emerg] 1#1: host not found in upstream "php" in /etc/nginx/conf.d/localhost.conf:30
2024/01/27 08:00:53 [notice] 1#1: using the "epoll" event method
2024/01/27 08:00:53 [notice] 1#1: nginx/1.25.3
2024/01/27 08:00:53 [notice] 1#1: built by gcc 12.2.1 20220924 (Alpine 12.2.1_git20220924-r10) 
2024/01/27 08:00:53 [notice] 1#1: OS: Linux 6.5.11-linuxkit
2024/01/27 08:00:53 [notice] 1#1: getrlimit(RLIMIT_NOFILE): 1048576:1048576
2024/01/27 08:00:53 [notice] 1#1: start worker processes
2024/01/27 08:00:53 [notice] 1#1: start worker process 20
2024/01/27 08:00:53 [notice] 1#1: start worker process 21
2024/01/27 08:00:53 [notice] 1#1: start worker process 22
2024/01/27 08:00:53 [notice] 1#1: start worker process 23
2024/01/27 08:09:16 [notice] 1#1: using the "epoll" event method
2024/01/27 08:09:16 [notice] 1#1: nginx/1.25.3
2024/01/27 08:09:16 [notice] 1#1: built by gcc 12.2.1 20220924 (Alpine 12.2.1_git20220924-r10) 
2024/01/27 08:09:16 [notice] 1#1: OS: Linux 6.5.11-linuxkit
2024/01/27 08:09:16 [notice] 1#1: getrlimit(RLIMIT_NOFILE): 1048576:1048576
2024/01/27 08:09:16 [notice] 1#1: start worker processes
2024/01/27 08:09:16 [notice] 1#1: start worker process 21
2024/01/27 08:09:16 [notice] 1#1: start worker process 22
2024/01/27 08:09:16 [notice] 1#1: start worker process 23
2024/01/27 08:09:16 [notice] 1#1: start worker process 24
2024/01/27 08:10:57 [notice] 1#1: signal 3 (SIGQUIT) received, shutting down
2024/01/27 08:10:57 [notice] 21#21: gracefully shutting down
2024/01/27 08:10:57 [notice] 21#21: exiting
2024/01/27 08:10:57 [notice] 23#23: gracefully shutting down
2024/01/27 08:10:57 [notice] 24#24: gracefully shutting down
2024/01/27 08:10:57 [notice] 24#24: exiting
2024/01/27 08:10:57 [notice] 22#22: gracefully shutting down
2024/01/27 08:10:57 [notice] 21#21: exit
2024/01/27 08:10:57 [notice] 23#23: exiting
2024/01/27 08:10:57 [notice] 24#24: exit
2024/01/27 08:10:57 [notice] 22#22: exiting
2024/01/27 08:10:57 [notice] 23#23: exit
2024/01/27 08:10:57 [notice] 22#22: exit
2024/01/27 08:10:57 [notice] 1#1: signal 17 (SIGCHLD) received from 24
2024/01/27 08:10:57 [notice] 1#1: worker process 24 exited with code 0
2024/01/27 08:10:57 [notice] 1#1: signal 29 (SIGIO) received
2024/01/27 08:10:57 [notice] 1#1: signal 17 (SIGCHLD) received from 23
2024/01/27 08:10:57 [notice] 1#1: worker process 21 exited with code 0
2024/01/27 08:10:57 [notice] 1#1: worker process 23 exited with code 0
2024/01/27 08:10:57 [notice] 1#1: signal 29 (SIGIO) received
2024/01/27 08:10:57 [notice] 1#1: signal 17 (SIGCHLD) received from 22
2024/01/27 08:10:57 [notice] 1#1: worker process 22 exited with code 0
2024/01/27 08:10:57 [notice] 1#1: exit
2024/01/27 08:10:58 [emerg] 1#1: open() "/etc/nginx/fastcgi-php.conf" failed (2: No such file or directory) in /etc/nginx/conf.d/localhost.conf:31
2024/01/27 08:11:00 [emerg] 1#1: open() "/etc/nginx/fastcgi-php.conf" failed (2: No such file or directory) in /etc/nginx/conf.d/localhost.conf:31
2024/01/27 08:12:50 [emerg] 1#1: host not found in upstream "php83" in /etc/nginx/conf.d/localhost.conf:34
2024/01/27 08:13:51 [notice] 1#1: using the "epoll" event method
2024/01/27 08:13:51 [notice] 1#1: nginx/1.25.3
2024/01/27 08:13:51 [notice] 1#1: built by gcc 12.2.1 20220924 (Alpine 12.2.1_git20220924-r10) 
2024/01/27 08:13:51 [notice] 1#1: OS: Linux 6.5.11-linuxkit
2024/01/27 08:13:51 [notice] 1#1: getrlimit(RLIMIT_NOFILE): 1048576:1048576
2024/01/27 08:13:51 [notice] 1#1: start worker processes
2024/01/27 08:13:51 [notice] 1#1: start worker process 21
2024/01/27 08:13:51 [notice] 1#1: start worker process 22
2024/01/27 08:13:51 [notice] 1#1: start worker process 23
2024/01/27 08:13:51 [notice] 1#1: start worker process 24
2024/01/27 08:18:17 [notice] 1#1: signal 3 (SIGQUIT) received, shutting down
2024/01/27 08:18:17 [notice] 21#21: gracefully shutting down
2024/01/27 08:18:17 [notice] 22#22: gracefully shutting down
2024/01/27 08:18:17 [notice] 22#22: exiting
2024/01/27 08:18:17 [notice] 23#23: gracefully shutting down
2024/01/27 08:18:17 [notice] 24#24: gracefully shutting down
2024/01/27 08:18:17 [notice] 23#23: exiting
2024/01/27 08:18:17 [notice] 21#21: exiting
2024/01/27 08:18:17 [notice] 22#22: exit
2024/01/27 08:18:17 [notice] 24#24: exiting
2024/01/27 08:18:17 [notice] 23#23: exit
2024/01/27 08:18:17 [notice] 21#21: exit
2024/01/27 08:18:17 [notice] 24#24: exit
2024/01/27 08:18:17 [notice] 1#1: signal 17 (SIGCHLD) received from 23
2024/01/27 08:18:17 [notice] 1#1: worker process 22 exited with code 0
2024/01/27 08:18:17 [notice] 1#1: worker process 23 exited with code 0
2024/01/27 08:18:17 [notice] 1#1: signal 29 (SIGIO) received
2024/01/27 08:18:17 [notice] 1#1: signal 17 (SIGCHLD) received from 22
2024/01/27 08:18:17 [notice] 1#1: signal 17 (SIGCHLD) received from 24
2024/01/27 08:18:17 [notice] 1#1: worker process 24 exited with code 0
2024/01/27 08:18:17 [notice] 1#1: worker process 21 exited with code 0
2024/01/27 08:18:17 [notice] 1#1: exit
2024/01/27 08:18:18 [notice] 1#1: using the "epoll" event method
2024/01/27 08:18:18 [notice] 1#1: nginx/1.25.3
2024/01/27 08:18:18 [notice] 1#1: built by gcc 12.2.1 20220924 (Alpine 12.2.1_git20220924-r10) 
2024/01/27 08:18:18 [notice] 1#1: OS: Linux 6.5.11-linuxkit
2024/01/27 08:18:18 [notice] 1#1: getrlimit(RLIMIT_NOFILE): 1048576:1048576
2024/01/27 08:18:18 [notice] 1#1: start worker processes
2024/01/27 08:18:18 [notice] 1#1: start worker process 21
2024/01/27 08:18:18 [notice] 1#1: start worker process 22
2024/01/27 08:18:18 [notice] 1#1: start worker process 23
2024/01/27 08:18:18 [notice] 1#1: start worker process 24
2024/01/27 08:21:06 [notice] 1#1: signal 3 (SIGQUIT) received, shutting down
2024/01/27 08:21:06 [notice] 22#22: gracefully shutting down
2024/01/27 08:21:06 [notice] 21#21: gracefully shutting down
2024/01/27 08:21:06 [notice] 23#23: gracefully shutting down
2024/01/27 08:21:06 [notice] 24#24: gracefully shutting down
2024/01/27 08:21:06 [notice] 22#22: exiting
2024/01/27 08:21:06 [notice] 24#24: exiting
2024/01/27 08:21:06 [notice] 21#21: exiting
2024/01/27 08:21:06 [notice] 22#22: exit
2024/01/27 08:21:06 [notice] 24#24: exit
2024/01/27 08:21:06 [notice] 21#21: exit
2024/01/27 08:21:06 [notice] 1#1: signal 17 (SIGCHLD) received from 24
2024/01/27 08:21:06 [notice] 1#1: worker process 21 exited with code 0
2024/01/27 08:21:06 [notice] 1#1: worker process 24 exited with code 0
2024/01/27 08:21:06 [notice] 1#1: signal 29 (SIGIO) received
2024/01/27 08:21:06 [notice] 1#1: signal 17 (SIGCHLD) received from 21
2024/01/27 08:21:06 [notice] 1#1: signal 17 (SIGCHLD) received from 22
2024/01/27 08:21:06 [notice] 1#1: worker process 22 exited with code 0
2024/01/27 08:21:06 [notice] 1#1: signal 29 (SIGIO) received
2024/01/27 08:21:19 [notice] 1#1: using the "epoll" event method
2024/01/27 08:21:19 [notice] 1#1: nginx/1.25.3
2024/01/27 08:21:19 [notice] 1#1: built by gcc 12.2.1 20220924 (Alpine 12.2.1_git20220924-r10) 
2024/01/27 08:21:19 [notice] 1#1: OS: Linux 6.5.11-linuxkit
2024/01/27 08:21:19 [notice] 1#1: getrlimit(RLIMIT_NOFILE): 1048576:1048576
2024/01/27 08:21:19 [notice] 1#1: start worker processes
2024/01/27 08:21:19 [notice] 1#1: start worker process 20
2024/01/27 08:21:19 [notice] 1#1: start worker process 21
2024/01/27 08:21:19 [notice] 1#1: start worker process 22
2024/01/27 08:21:19 [notice] 1#1: start worker process 23
2024/01/27 08:25:47 [notice] 1#1: using the "epoll" event method
2024/01/27 08:25:47 [notice] 1#1: nginx/1.25.3
2024/01/27 08:25:47 [notice] 1#1: built by gcc 12.2.1 20220924 (Alpine 12.2.1_git20220924-r10) 
2024/01/27 08:25:47 [notice] 1#1: OS: Linux 6.5.11-linuxkit
2024/01/27 08:25:47 [notice] 1#1: getrlimit(RLIMIT_NOFILE): 1048576:1048576
2024/01/27 08:25:47 [notice] 1#1: start worker processes
2024/01/27 08:25:47 [notice] 1#1: start worker process 21
2024/01/27 08:25:47 [notice] 1#1: start worker process 22
2024/01/27 08:25:47 [notice] 1#1: start worker process 23
2024/01/27 08:25:47 [notice] 1#1: start worker process 24
2024/01/27 08:27:55 [notice] 1#1: signal 3 (SIGQUIT) received, shutting down
2024/01/27 08:27:55 [notice] 24#24: gracefully shutting down
2024/01/27 08:27:55 [notice] 23#23: gracefully shutting down
2024/01/27 08:27:55 [notice] 22#22: gracefully shutting down
2024/01/27 08:27:55 [notice] 21#21: gracefully shutting down
2024/01/27 08:27:55 [notice] 23#23: exiting
2024/01/27 08:27:55 [notice] 22#22: exiting
2024/01/27 08:27:55 [notice] 21#21: exiting
2024/01/27 08:27:55 [notice] 23#23: exit
2024/01/27 08:27:55 [notice] 21#21: exit
2024/01/27 08:27:55 [notice] 22#22: exit
2024/01/27 08:27:55 [notice] 1#1: signal 17 (SIGCHLD) received from 21
2024/01/27 08:27:55 [notice] 1#1: worker process 21 exited with code 0
2024/01/27 08:27:55 [notice] 1#1: signal 29 (SIGIO) received
2024/01/27 08:27:55 [notice] 1#1: signal 17 (SIGCHLD) received from 22
2024/01/27 08:27:55 [notice] 1#1: worker process 22 exited with code 0
2024/01/27 08:27:55 [notice] 1#1: worker process 23 exited with code 0
2024/01/27 08:27:55 [notice] 1#1: signal 29 (SIGIO) received
2024/01/27 08:27:55 [notice] 1#1: signal 17 (SIGCHLD) received from 23
2024/01/27 08:28:08 [notice] 1#1: using the "epoll" event method
2024/01/27 08:28:08 [notice] 1#1: nginx/1.25.3
2024/01/27 08:28:08 [notice] 1#1: built by gcc 12.2.1 20220924 (Alpine 12.2.1_git20220924-r10) 
2024/01/27 08:28:08 [notice] 1#1: OS: Linux 6.5.11-linuxkit
2024/01/27 08:28:08 [notice] 1#1: getrlimit(RLIMIT_NOFILE): 1048576:1048576
2024/01/27 08:28:08 [notice] 1#1: start worker processes
2024/01/27 08:28:08 [notice] 1#1: start worker process 21
2024/01/27 08:28:08 [notice] 1#1: start worker process 22
2024/01/27 08:28:08 [notice] 1#1: start worker process 23
2024/01/27 08:28:08 [notice] 1#1: start worker process 24
2024/01/27 08:29:24 [notice] 1#1: using the "epoll" event method
2024/01/27 08:29:24 [notice] 1#1: nginx/1.25.3
2024/01/27 08:29:24 [notice] 1#1: built by gcc 12.2.1 20220924 (Alpine 12.2.1_git20220924-r10) 
2024/01/27 08:29:24 [notice] 1#1: OS: Linux 6.5.11-linuxkit
2024/01/27 08:29:24 [notice] 1#1: getrlimit(RLIMIT_NOFILE): 1048576:1048576
2024/01/27 08:29:24 [notice] 1#1: start worker processes
2024/01/27 08:29:24 [notice] 1#1: start worker process 20
2024/01/27 08:29:24 [notice] 1#1: start worker process 21
2024/01/27 08:29:24 [notice] 1#1: start worker process 22
2024/01/27 08:29:24 [notice] 1#1: start worker process 23
2024/01/27 08:31:06 [notice] 1#1: signal 3 (SIGQUIT) received, shutting down
2024/01/27 08:31:06 [notice] 21#21: gracefully shutting down
2024/01/27 08:31:06 [notice] 23#23: gracefully shutting down
2024/01/27 08:31:06 [notice] 22#22: gracefully shutting down
2024/01/27 08:31:06 [notice] 22#22: exiting
2024/01/27 08:31:06 [notice] 20#20: gracefully shutting down
2024/01/27 08:31:06 [notice] 23#23: exiting
2024/01/27 08:31:06 [notice] 22#22: exit
2024/01/27 08:31:06 [notice] 20#20: exiting
2024/01/27 08:31:06 [notice] 23#23: exit
2024/01/27 08:31:06 [notice] 20#20: exit
2024/01/27 08:31:06 [notice] 1#1: signal 17 (SIGCHLD) received from 23
2024/01/27 08:31:06 [notice] 1#1: worker process 20 exited with code 0
2024/01/27 08:31:06 [notice] 1#1: worker process 23 exited with code 0
2024/01/27 08:31:06 [notice] 1#1: signal 29 (SIGIO) received
2024/01/27 08:31:06 [notice] 1#1: signal 17 (SIGCHLD) received from 22
2024/01/27 08:31:06 [notice] 1#1: worker process 22 exited with code 0
2024/01/27 08:31:06 [notice] 1#1: signal 29 (SIGIO) received
2024/01/27 08:31:12 [notice] 21#21: exiting
2024/01/27 08:31:12 [notice] 21#21: exit
2024/01/27 08:31:12 [notice] 1#1: signal 17 (SIGCHLD) received from 21
2024/01/27 08:31:12 [notice] 1#1: worker process 21 exited with code 0
2024/01/27 08:31:12 [notice] 1#1: exit
2024/01/27 08:31:13 [notice] 1#1: using the "epoll" event method
2024/01/27 08:31:13 [notice] 1#1: nginx/1.25.3
2024/01/27 08:31:13 [notice] 1#1: built by gcc 12.2.1 20220924 (Alpine 12.2.1_git20220924-r10) 
2024/01/27 08:31:13 [notice] 1#1: OS: Linux 6.5.11-linuxkit
2024/01/27 08:31:13 [notice] 1#1: getrlimit(RLIMIT_NOFILE): 1048576:1048576
2024/01/27 08:31:13 [notice] 1#1: start worker processes
2024/01/27 08:31:13 [notice] 1#1: start worker process 20
2024/01/27 08:31:13 [notice] 1#1: start worker process 21
2024/01/27 08:31:13 [notice] 1#1: start worker process 22
2024/01/27 08:31:13 [notice] 1#1: start worker process 23
2024/01/27 08:35:32 [notice] 1#1: signal 3 (SIGQUIT) received, shutting down
2024/01/27 08:35:32 [notice] 23#23: gracefully shutting down
2024/01/27 08:35:32 [notice] 23#23: exiting
2024/01/27 08:35:32 [notice] 21#21: gracefully shutting down
2024/01/27 08:35:32 [notice] 20#20: gracefully shutting down
2024/01/27 08:35:32 [notice] 22#22: gracefully shutting down
2024/01/27 08:35:32 [notice] 23#23: exit
2024/01/27 08:35:32 [notice] 20#20: exiting
2024/01/27 08:35:32 [notice] 20#20: exit
2024/01/27 08:35:32 [notice] 22#22: exiting
2024/01/27 08:35:32 [notice] 22#22: exit
2024/01/27 08:35:32 [notice] 1#1: signal 17 (SIGCHLD) received from 20
2024/01/27 08:35:32 [notice] 1#1: worker process 20 exited with code 0
2024/01/27 08:35:32 [notice] 1#1: signal 29 (SIGIO) received
2024/01/27 08:35:32 [notice] 1#1: signal 17 (SIGCHLD) received from 22
2024/01/27 08:35:32 [notice] 1#1: worker process 22 exited with code 0
2024/01/27 08:35:32 [notice] 1#1: worker process 23 exited with code 0
2024/01/27 08:35:32 [notice] 1#1: signal 29 (SIGIO) received
2024/01/27 08:35:32 [notice] 1#1: signal 17 (SIGCHLD) received from 23
2024/01/27 08:35:43 [emerg] 1#1: open() "/etc/nginx/fastcgi-php.conf" failed (2: No such file or directory) in /etc/nginx/conf.d/localhost.conf:31
2024/01/27 08:35:49 [emerg] 1#1: open() "/etc/nginx/fastcgi-php.conf" failed (2: No such file or directory) in /etc/nginx/conf.d/localhost.conf:31
2024/01/27 08:36:58 [emerg] 1#1: open() "/etc/nginx/fastcgi-php.conf" failed (2: No such file or directory) in /etc/nginx/conf.d/localhost.conf:31
2024/01/27 08:38:24 [notice] 1#1: using the "epoll" event method
2024/01/27 08:38:24 [notice] 1#1: nginx/1.25.3
2024/01/27 08:38:24 [notice] 1#1: built by gcc 12.2.1 20220924 (Alpine 12.2.1_git20220924-r10) 
2024/01/27 08:38:24 [notice] 1#1: OS: Linux 6.5.11-linuxkit
2024/01/27 08:38:24 [notice] 1#1: getrlimit(RLIMIT_NOFILE): 1048576:1048576
2024/01/27 08:38:24 [notice] 1#1: start worker processes
2024/01/27 08:38:24 [notice] 1#1: start worker process 20
2024/01/27 08:38:24 [notice] 1#1: start worker process 21
2024/01/27 08:38:24 [notice] 1#1: start worker process 22
2024/01/27 08:38:24 [notice] 1#1: start worker process 23
2024/01/27 08:48:56 [notice] 1#1: using the "epoll" event method
2024/01/27 08:48:56 [notice] 1#1: nginx/1.25.3
2024/01/27 08:48:56 [notice] 1#1: built by gcc 12.2.1 20220924 (Alpine 12.2.1_git20220924-r10) 
2024/01/27 08:48:56 [notice] 1#1: OS: Linux 6.5.11-linuxkit
2024/01/27 08:48:56 [notice] 1#1: getrlimit(RLIMIT_NOFILE): 1048576:1048576
2024/01/27 08:48:56 [notice] 1#1: start worker processes
2024/01/27 08:48:56 [notice] 1#1: start worker process 20
2024/01/27 08:48:56 [notice] 1#1: start worker process 21
2024/01/27 08:48:56 [notice] 1#1: start worker process 22
2024/01/27 08:48:56 [notice] 1#1: start worker process 23
2024/01/27 08:57:15 [emerg] 1#1: open() "/etc/nginx/fastcgi-php.conf" failed (2: No such file or directory) in /etc/nginx/conf.d/localhost.conf:31
2024/01/27 09:13:02 [emerg] 1#1: host not found in upstream "php83" in /etc/nginx/conf.d/default.conf:35
2024/01/27 09:13:48 [emerg] 1#1: host not found in upstream "php" in /etc/nginx/conf.d/default.conf:35
2024/01/27 09:13:55 [emerg] 1#1: host not found in upstream "php" in /etc/nginx/conf.d/default.conf:35
2024/01/27 09:17:03 [notice] 1#1: using the "epoll" event method
2024/01/27 09:17:03 [notice] 1#1: nginx/1.25.3
2024/01/27 09:17:03 [notice] 1#1: built by gcc 12.2.1 20220924 (Alpine 12.2.1_git20220924-r10) 
2024/01/27 09:17:03 [notice] 1#1: OS: Linux 6.5.11-linuxkit
2024/01/27 09:17:03 [notice] 1#1: getrlimit(RLIMIT_NOFILE): 1048576:1048576
2024/01/27 09:17:03 [notice] 1#1: start worker processes
2024/01/27 09:17:03 [notice] 1#1: start worker process 22
2024/01/27 09:17:03 [notice] 1#1: start worker process 23
2024/01/27 09:17:03 [notice] 1#1: start worker process 24
2024/01/27 09:17:03 [notice] 1#1: start worker process 25
2024/01/27 09:18:41 [notice] 1#1: using the "epoll" event method
2024/01/27 09:18:41 [notice] 1#1: nginx/1.25.3
2024/01/27 09:18:41 [notice] 1#1: built by gcc 12.2.1 20220924 (Alpine 12.2.1_git20220924-r10) 
2024/01/27 09:18:41 [notice] 1#1: OS: Linux 6.5.11-linuxkit
2024/01/27 09:18:41 [notice] 1#1: getrlimit(RLIMIT_NOFILE): 1048576:1048576
2024/01/27 09:18:41 [notice] 1#1: start worker processes
2024/01/27 09:18:41 [notice] 1#1: start worker process 22
2024/01/27 09:18:41 [notice] 1#1: start worker process 23
2024/01/27 09:18:41 [notice] 1#1: start worker process 24
2024/01/27 09:18:41 [notice] 1#1: start worker process 25
2024/01/27 09:18:56 [notice] 1#1: signal 3 (SIGQUIT) received, shutting down
2024/01/27 09:18:56 [notice] 23#23: gracefully shutting down
2024/01/27 09:18:56 [notice] 23#23: exiting
2024/01/27 09:18:56 [notice] 22#22: gracefully shutting down
2024/01/27 09:18:56 [notice] 22#22: exiting
2024/01/27 09:18:56 [notice] 24#24: gracefully shutting down
2024/01/27 09:18:56 [notice] 24#24: exiting
2024/01/27 09:18:56 [notice] 25#25: gracefully shutting down
2024/01/27 09:18:56 [notice] 23#23: exit
2024/01/27 09:18:56 [notice] 22#22: exit
2024/01/27 09:18:56 [notice] 24#24: exit
2024/01/27 09:18:56 [notice] 25#25: exiting
2024/01/27 09:18:56 [notice] 25#25: exit
2024/01/27 09:18:56 [notice] 1#1: signal 17 (SIGCHLD) received from 23
2024/01/27 09:18:56 [notice] 1#1: worker process 23 exited with code 0
2024/01/27 09:18:56 [notice] 1#1: worker process 25 exited with code 0
2024/01/27 09:18:56 [notice] 1#1: signal 29 (SIGIO) received
2024/01/27 09:18:56 [notice] 1#1: signal 17 (SIGCHLD) received from 24
2024/01/27 09:18:56 [notice] 1#1: worker process 22 exited with code 0
2024/01/27 09:18:56 [notice] 1#1: worker process 24 exited with code 0
2024/01/27 09:18:56 [notice] 1#1: exit
2024/01/27 09:18:57 [notice] 1#1: using the "epoll" event method
2024/01/27 09:18:57 [notice] 1#1: nginx/1.25.3
2024/01/27 09:18:57 [notice] 1#1: built by gcc 12.2.1 20220924 (Alpine 12.2.1_git20220924-r10) 
2024/01/27 09:18:57 [notice] 1#1: OS: Linux 6.5.11-linuxkit
2024/01/27 09:18:57 [notice] 1#1: getrlimit(RLIMIT_NOFILE): 1048576:1048576
2024/01/27 09:18:57 [notice] 1#1: start worker processes
2024/01/27 09:18:57 [notice] 1#1: start worker process 22
2024/01/27 09:18:57 [notice] 1#1: start worker process 23
2024/01/27 09:18:57 [notice] 1#1: start worker process 24
2024/01/27 09:18:57 [notice] 1#1: start worker process 25
2024/01/27 09:23:06 [notice] 1#1: signal 3 (SIGQUIT) received, shutting down
2024/01/27 09:23:06 [notice] 24#24: gracefully shutting down
2024/01/27 09:23:06 [notice] 23#23: gracefully shutting down
2024/01/27 09:23:06 [notice] 22#22: gracefully shutting down
2024/01/27 09:23:06 [notice] 22#22: exiting
2024/01/27 09:23:06 [notice] 25#25: gracefully shutting down
2024/01/27 09:23:06 [notice] 24#24: exiting
2024/01/27 09:23:06 [notice] 23#23: exiting
2024/01/27 09:23:06 [notice] 22#22: exit
2024/01/27 09:23:06 [notice] 24#24: exit
2024/01/27 09:23:06 [notice] 23#23: exit
2024/01/27 09:23:06 [notice] 1#1: signal 17 (SIGCHLD) received from 22
2024/01/27 09:23:06 [notice] 1#1: worker process 22 exited with code 0
2024/01/27 09:23:06 [notice] 1#1: signal 29 (SIGIO) received
2024/01/27 09:23:06 [notice] 1#1: signal 17 (SIGCHLD) received from 23
2024/01/27 09:23:06 [notice] 1#1: worker process 23 exited with code 0
2024/01/27 09:23:06 [notice] 1#1: signal 29 (SIGIO) received
2024/01/27 09:23:06 [notice] 1#1: signal 17 (SIGCHLD) received from 24
2024/01/27 09:23:06 [notice] 1#1: worker process 24 exited with code 0
2024/01/27 09:23:06 [notice] 1#1: signal 29 (SIGIO) received
2024/01/27 09:23:18 [notice] 1#1: using the "epoll" event method
2024/01/27 09:23:18 [notice] 1#1: nginx/1.25.3
2024/01/27 09:23:18 [notice] 1#1: built by gcc 12.2.1 20220924 (Alpine 12.2.1_git20220924-r10) 
2024/01/27 09:23:18 [notice] 1#1: OS: Linux 6.5.11-linuxkit
2024/01/27 09:23:18 [notice] 1#1: getrlimit(RLIMIT_NOFILE): 1048576:1048576
2024/01/27 09:23:18 [notice] 1#1: start worker processes
2024/01/27 09:23:18 [notice] 1#1: start worker process 21
2024/01/27 09:23:18 [notice] 1#1: start worker process 22
2024/01/27 09:23:18 [notice] 1#1: start worker process 23
2024/01/27 09:23:18 [notice] 1#1: start worker process 24
2024/01/27 09:24:22 [notice] 1#1: signal 3 (SIGQUIT) received, shutting down
2024/01/27 09:24:22 [notice] 21#21: gracefully shutting down
2024/01/27 09:24:22 [notice] 22#22: gracefully shutting down
2024/01/27 09:24:22 [notice] 22#22: exiting
2024/01/27 09:24:22 [notice] 24#24: gracefully shutting down
2024/01/27 09:24:22 [notice] 23#23: gracefully shutting down
2024/01/27 09:24:22 [notice] 22#22: exit
2024/01/27 09:24:22 [notice] 24#24: exiting
2024/01/27 09:24:22 [notice] 23#23: exiting
2024/01/27 09:24:22 [notice] 24#24: exit
2024/01/27 09:24:22 [notice] 23#23: exit
2024/01/27 09:24:22 [notice] 1#1: signal 17 (SIGCHLD) received from 24
2024/01/27 09:24:22 [notice] 1#1: worker process 24 exited with code 0
2024/01/27 09:24:22 [notice] 1#1: signal 29 (SIGIO) received
2024/01/27 09:24:22 [notice] 1#1: signal 17 (SIGCHLD) received from 23
2024/01/27 09:24:22 [notice] 1#1: worker process 23 exited with code 0
2024/01/27 09:24:22 [notice] 1#1: signal 29 (SIGIO) received
2024/01/27 09:24:22 [notice] 1#1: signal 17 (SIGCHLD) received from 22
2024/01/27 09:24:22 [notice] 1#1: worker process 22 exited with code 0
2024/01/27 09:24:22 [notice] 1#1: signal 29 (SIGIO) received
2024/01/27 09:25:07 [notice] 1#1: using the "epoll" event method
2024/01/27 09:25:07 [notice] 1#1: nginx/1.25.3
2024/01/27 09:25:07 [notice] 1#1: built by gcc 12.2.1 20220924 (Alpine 12.2.1_git20220924-r10) 
2024/01/27 09:25:07 [notice] 1#1: OS: Linux 6.5.11-linuxkit
2024/01/27 09:25:07 [notice] 1#1: getrlimit(RLIMIT_NOFILE): 1048576:1048576
2024/01/27 09:25:07 [notice] 1#1: start worker processes
2024/01/27 09:25:07 [notice] 1#1: start worker process 23
2024/01/27 09:25:07 [notice] 1#1: start worker process 24
2024/01/27 09:25:07 [notice] 1#1: start worker process 25
2024/01/27 09:25:07 [notice] 1#1: start worker process 26
2024/01/27 09:28:12 [notice] 1#1: signal 3 (SIGQUIT) received, shutting down
2024/01/27 09:28:12 [notice] 26#26: gracefully shutting down
2024/01/27 09:28:12 [notice] 23#23: gracefully shutting down
2024/01/27 09:28:12 [notice] 23#23: exiting
2024/01/27 09:28:12 [notice] 25#25: gracefully shutting down
2024/01/27 09:28:12 [notice] 24#24: gracefully shutting down
2024/01/27 09:28:12 [notice] 23#23: exit
2024/01/27 09:28:12 [notice] 25#25: exiting
2024/01/27 09:28:12 [notice] 24#24: exiting
2024/01/27 09:28:12 [notice] 25#25: exit
2024/01/27 09:28:12 [notice] 24#24: exit
2024/01/27 09:28:12 [notice] 1#1: signal 17 (SIGCHLD) received from 24
2024/01/27 09:28:12 [notice] 1#1: worker process 23 exited with code 0
2024/01/27 09:28:12 [notice] 1#1: worker process 24 exited with code 0
2024/01/27 09:28:12 [notice] 1#1: worker process 25 exited with code 0
2024/01/27 09:28:12 [notice] 1#1: signal 29 (SIGIO) received
2024/01/27 09:28:27 [notice] 1#1: using the "epoll" event method
2024/01/27 09:28:27 [notice] 1#1: nginx/1.25.3
2024/01/27 09:28:27 [notice] 1#1: built by gcc 12.2.1 20220924 (Alpine 12.2.1_git20220924-r10) 
2024/01/27 09:28:27 [notice] 1#1: OS: Linux 6.5.11-linuxkit
2024/01/27 09:28:27 [notice] 1#1: getrlimit(RLIMIT_NOFILE): 1048576:1048576
2024/01/27 09:28:27 [notice] 1#1: start worker processes
2024/01/27 09:28:27 [notice] 1#1: start worker process 23
2024/01/27 09:28:27 [notice] 1#1: start worker process 24
2024/01/27 09:28:27 [notice] 1#1: start worker process 25
2024/01/27 09:28:27 [notice] 1#1: start worker process 26
2024/01/27 09:31:36 [notice] 1#1: signal 3 (SIGQUIT) received, shutting down
2024/01/27 09:31:36 [notice] 25#25: gracefully shutting down
2024/01/27 09:31:36 [notice] 24#24: gracefully shutting down
2024/01/27 09:31:36 [notice] 24#24: exiting
2024/01/27 09:31:36 [notice] 23#23: gracefully shutting down
2024/01/27 09:31:36 [notice] 23#23: exiting
2024/01/27 09:31:36 [notice] 26#26: gracefully shutting down
2024/01/27 09:31:36 [notice] 24#24: exit
2024/01/27 09:31:36 [notice] 23#23: exit
2024/01/27 09:31:36 [notice] 26#26: exiting
2024/01/27 09:31:36 [notice] 26#26: exit
2024/01/27 09:31:36 [notice] 1#1: signal 17 (SIGCHLD) received from 26
2024/01/27 09:31:36 [notice] 1#1: worker process 26 exited with code 0
2024/01/27 09:31:36 [notice] 1#1: signal 29 (SIGIO) received
2024/01/27 09:31:36 [notice] 1#1: signal 17 (SIGCHLD) received from 24
2024/01/27 09:31:36 [notice] 1#1: worker process 24 exited with code 0
2024/01/27 09:31:36 [notice] 1#1: signal 29 (SIGIO) received
2024/01/27 09:31:36 [notice] 1#1: signal 17 (SIGCHLD) received from 23
2024/01/27 09:31:36 [notice] 1#1: worker process 23 exited with code 0
2024/01/27 09:31:36 [notice] 1#1: signal 29 (SIGIO) received
2024/01/27 09:31:47 [notice] 1#1: using the "epoll" event method
2024/01/27 09:31:47 [notice] 1#1: nginx/1.25.3
2024/01/27 09:31:47 [notice] 1#1: built by gcc 12.2.1 20220924 (Alpine 12.2.1_git20220924-r10) 
2024/01/27 09:31:47 [notice] 1#1: OS: Linux 6.5.11-linuxkit
2024/01/27 09:31:47 [notice] 1#1: getrlimit(RLIMIT_NOFILE): 1048576:1048576
2024/01/27 09:31:47 [notice] 1#1: start worker processes
2024/01/27 09:31:47 [notice] 1#1: start worker process 22
2024/01/27 09:31:47 [notice] 1#1: start worker process 23
2024/01/27 09:31:47 [notice] 1#1: start worker process 24
2024/01/27 09:31:47 [notice] 1#1: start worker process 25
2024/01/27 09:32:23 [notice] 1#1: signal 3 (SIGQUIT) received, shutting down
2024/01/27 09:32:23 [notice] 22#22: gracefully shutting down
2024/01/27 09:32:23 [notice] 24#24: gracefully shutting down
2024/01/27 09:32:23 [notice] 24#24: exiting
2024/01/27 09:32:23 [notice] 25#25: gracefully shutting down
2024/01/27 09:32:23 [notice] 25#25: exiting
2024/01/27 09:32:23 [notice] 23#23: gracefully shutting down
2024/01/27 09:32:23 [notice] 24#24: exit
2024/01/27 09:32:23 [notice] 25#25: exit
2024/01/27 09:32:23 [notice] 23#23: exiting
2024/01/27 09:32:23 [notice] 23#23: exit
2024/01/27 09:32:23 [notice] 1#1: signal 17 (SIGCHLD) received from 23
2024/01/27 09:32:23 [notice] 1#1: worker process 23 exited with code 0
2024/01/27 09:32:23 [notice] 1#1: worker process 25 exited with code 0
2024/01/27 09:32:23 [notice] 1#1: signal 29 (SIGIO) received
2024/01/27 09:32:23 [notice] 1#1: signal 17 (SIGCHLD) received from 24
2024/01/27 09:32:23 [notice] 1#1: worker process 24 exited with code 0
2024/01/27 09:32:23 [notice] 1#1: signal 29 (SIGIO) received
2024/01/27 09:32:35 [notice] 1#1: using the "epoll" event method
2024/01/27 09:32:35 [notice] 1#1: nginx/1.25.3
2024/01/27 09:32:35 [notice] 1#1: built by gcc 12.2.1 20220924 (Alpine 12.2.1_git20220924-r10) 
2024/01/27 09:32:35 [notice] 1#1: OS: Linux 6.5.11-linuxkit
2024/01/27 09:32:35 [notice] 1#1: getrlimit(RLIMIT_NOFILE): 1048576:1048576
2024/01/27 09:32:35 [notice] 1#1: start worker processes
2024/01/27 09:32:35 [notice] 1#1: start worker process 21
2024/01/27 09:32:35 [notice] 1#1: start worker process 22
2024/01/27 09:32:35 [notice] 1#1: start worker process 23
2024/01/27 09:32:35 [notice] 1#1: start worker process 24
2024/01/27 09:33:14 [notice] 1#1: signal 3 (SIGQUIT) received, shutting down
2024/01/27 09:33:14 [notice] 21#21: gracefully shutting down
2024/01/27 09:33:14 [notice] 24#24: gracefully shutting down
2024/01/27 09:33:14 [notice] 24#24: exiting
2024/01/27 09:33:14 [notice] 22#22: gracefully shutting down
2024/01/27 09:33:14 [notice] 23#23: gracefully shutting down
2024/01/27 09:33:14 [notice] 24#24: exit
2024/01/27 09:33:14 [notice] 22#22: exiting
2024/01/27 09:33:14 [notice] 23#23: exiting
2024/01/27 09:33:14 [notice] 22#22: exit
2024/01/27 09:33:14 [notice] 23#23: exit
2024/01/27 09:33:14 [notice] 1#1: signal 17 (SIGCHLD) received from 22
2024/01/27 09:33:14 [notice] 1#1: worker process 22 exited with code 0
2024/01/27 09:33:14 [notice] 1#1: worker process 24 exited with code 0
2024/01/27 09:33:14 [notice] 1#1: signal 29 (SIGIO) received
2024/01/27 09:33:14 [notice] 1#1: signal 17 (SIGCHLD) received from 23
2024/01/27 09:33:14 [notice] 1#1: worker process 23 exited with code 0
2024/01/27 09:33:14 [notice] 1#1: signal 29 (SIGIO) received
2024/01/27 09:33:26 [notice] 1#1: using the "epoll" event method
2024/01/27 09:33:26 [notice] 1#1: nginx/1.25.3
2024/01/27 09:33:26 [notice] 1#1: built by gcc 12.2.1 20220924 (Alpine 12.2.1_git20220924-r10) 
2024/01/27 09:33:26 [notice] 1#1: OS: Linux 6.5.11-linuxkit
2024/01/27 09:33:26 [notice] 1#1: getrlimit(RLIMIT_NOFILE): 1048576:1048576
2024/01/27 09:33:26 [notice] 1#1: start worker processes
2024/01/27 09:33:26 [notice] 1#1: start worker process 21
2024/01/27 09:33:26 [notice] 1#1: start worker process 22
2024/01/27 09:33:26 [notice] 1#1: start worker process 23
2024/01/27 09:33:26 [notice] 1#1: start worker process 24
2024/01/27 09:34:24 [notice] 1#1: signal 3 (SIGQUIT) received, shutting down
2024/01/27 09:34:24 [notice] 23#23: gracefully shutting down
2024/01/27 09:34:24 [notice] 23#23: exiting
2024/01/27 09:34:24 [notice] 21#21: gracefully shutting down
2024/01/27 09:34:24 [notice] 21#21: exiting
2024/01/27 09:34:24 [notice] 22#22: gracefully shutting down
2024/01/27 09:34:24 [notice] 24#24: gracefully shutting down
2024/01/27 09:34:24 [notice] 23#23: exit
2024/01/27 09:34:24 [notice] 21#21: exit
2024/01/27 09:34:24 [notice] 24#24: exiting
2024/01/27 09:34:24 [notice] 24#24: exit
2024/01/27 09:34:24 [notice] 1#1: signal 17 (SIGCHLD) received from 23
2024/01/27 09:34:24 [notice] 1#1: worker process 23 exited with code 0
2024/01/27 09:34:24 [notice] 1#1: signal 29 (SIGIO) received
2024/01/27 09:34:24 [notice] 1#1: signal 17 (SIGCHLD) received from 21
2024/01/27 09:34:24 [notice] 1#1: worker process 21 exited with code 0
2024/01/27 09:34:24 [notice] 1#1: signal 29 (SIGIO) received
2024/01/27 09:34:24 [notice] 1#1: signal 17 (SIGCHLD) received from 24
2024/01/27 09:34:24 [notice] 1#1: worker process 24 exited with code 0
2024/01/27 09:34:24 [notice] 1#1: signal 29 (SIGIO) received
2024/01/27 09:34:31 [notice] 22#22: exiting
2024/01/27 09:34:31 [notice] 22#22: exit
2024/01/27 09:34:31 [notice] 1#1: signal 17 (SIGCHLD) received from 22
2024/01/27 09:34:31 [notice] 1#1: worker process 22 exited with code 0
2024/01/27 09:34:31 [notice] 1#1: exit
2024/01/27 09:34:38 [notice] 1#1: using the "epoll" event method
2024/01/27 09:34:38 [notice] 1#1: nginx/1.25.3
2024/01/27 09:34:38 [notice] 1#1: built by gcc 12.2.1 20220924 (Alpine 12.2.1_git20220924-r10) 
2024/01/27 09:34:38 [notice] 1#1: OS: Linux 6.5.11-linuxkit
2024/01/27 09:34:38 [notice] 1#1: getrlimit(RLIMIT_NOFILE): 1048576:1048576
2024/01/27 09:34:38 [notice] 1#1: start worker processes
2024/01/27 09:34:38 [notice] 1#1: start worker process 22
2024/01/27 09:34:38 [notice] 1#1: start worker process 23
2024/01/27 09:34:38 [notice] 1#1: start worker process 24
2024/01/27 09:34:38 [notice] 1#1: start worker process 25
2024/01/27 09:35:00 [notice] 1#1: signal 3 (SIGQUIT) received, shutting down
2024/01/27 09:35:00 [notice] 22#22: gracefully shutting down
2024/01/27 09:35:00 [notice] 24#24: gracefully shutting down
2024/01/27 09:35:00 [notice] 24#24: exiting
2024/01/27 09:35:00 [notice] 23#23: gracefully shutting down
2024/01/27 09:35:00 [notice] 25#25: gracefully shutting down
2024/01/27 09:35:00 [notice] 22#22: exiting
2024/01/27 09:35:00 [notice] 24#24: exit
2024/01/27 09:35:00 [notice] 25#25: exiting
2024/01/27 09:35:00 [notice] 22#22: exit
2024/01/27 09:35:00 [notice] 25#25: exit
2024/01/27 09:35:00 [notice] 1#1: signal 17 (SIGCHLD) received from 24
2024/01/27 09:35:00 [notice] 1#1: worker process 24 exited with code 0
2024/01/27 09:35:00 [notice] 1#1: signal 29 (SIGIO) received
2024/01/27 09:35:00 [notice] 1#1: signal 17 (SIGCHLD) received from 25
2024/01/27 09:35:00 [notice] 1#1: worker process 25 exited with code 0
2024/01/27 09:35:00 [notice] 1#1: signal 29 (SIGIO) received
2024/01/27 09:35:00 [notice] 1#1: signal 17 (SIGCHLD) received from 22
2024/01/27 09:35:00 [notice] 1#1: worker process 22 exited with code 0
2024/01/27 09:35:00 [notice] 1#1: signal 29 (SIGIO) received
2024/01/27 09:35:12 [notice] 1#1: using the "epoll" event method
2024/01/27 09:35:12 [notice] 1#1: nginx/1.25.3
2024/01/27 09:35:12 [notice] 1#1: built by gcc 12.2.1 20220924 (Alpine 12.2.1_git20220924-r10) 
2024/01/27 09:35:12 [notice] 1#1: OS: Linux 6.5.11-linuxkit
2024/01/27 09:35:12 [notice] 1#1: getrlimit(RLIMIT_NOFILE): 1048576:1048576
2024/01/27 09:35:12 [notice] 1#1: start worker processes
2024/01/27 09:35:12 [notice] 1#1: start worker process 22
2024/01/27 09:35:12 [notice] 1#1: start worker process 23
2024/01/27 09:35:12 [notice] 1#1: start worker process 24
2024/01/27 09:35:12 [notice] 1#1: start worker process 25
2024/01/27 09:39:57 [notice] 1#1: using the "epoll" event method
2024/01/27 09:39:57 [notice] 1#1: nginx/1.25.3
2024/01/27 09:39:57 [notice] 1#1: built by gcc 12.2.1 20220924 (Alpine 12.2.1_git20220924-r10) 
2024/01/27 09:39:57 [notice] 1#1: OS: Linux 6.5.11-linuxkit
2024/01/27 09:39:57 [notice] 1#1: getrlimit(RLIMIT_NOFILE): 1048576:1048576
2024/01/27 09:39:57 [notice] 1#1: start worker processes
2024/01/27 09:39:57 [notice] 1#1: start worker process 22
2024/01/27 09:39:57 [notice] 1#1: start worker process 23
2024/01/27 09:39:57 [notice] 1#1: start worker process 24
2024/01/27 09:39:57 [notice] 1#1: start worker process 25
2024/01/27 09:45:04 [notice] 1#1: signal 3 (SIGQUIT) received, shutting down
2024/01/27 09:45:04 [notice] 23#23: gracefully shutting down
2024/01/27 09:45:04 [notice] 23#23: exiting
2024/01/27 09:45:04 [notice] 25#25: gracefully shutting down
2024/01/27 09:45:04 [notice] 22#22: gracefully shutting down
2024/01/27 09:45:04 [notice] 24#24: gracefully shutting down
2024/01/27 09:45:04 [notice] 23#23: exit
2024/01/27 09:45:04 [notice] 25#25: exiting
2024/01/27 09:45:04 [notice] 22#22: exiting
2024/01/27 09:45:04 [notice] 24#24: exiting
2024/01/27 09:45:04 [notice] 25#25: exit
2024/01/27 09:45:04 [notice] 22#22: exit
2024/01/27 09:45:04 [notice] 24#24: exit
2024/01/27 09:45:04 [notice] 1#1: signal 17 (SIGCHLD) received from 25
2024/01/27 09:45:04 [notice] 1#1: worker process 22 exited with code 0
2024/01/27 09:45:04 [notice] 1#1: worker process 23 exited with code 0
2024/01/27 09:45:04 [notice] 1#1: worker process 24 exited with code 0
2024/01/27 09:45:04 [notice] 1#1: worker process 25 exited with code 0
2024/01/27 09:45:04 [notice] 1#1: exit
2024/01/27 09:45:05 [notice] 1#1: using the "epoll" event method
2024/01/27 09:45:05 [notice] 1#1: nginx/1.25.3
2024/01/27 09:45:05 [notice] 1#1: built by gcc 12.2.1 20220924 (Alpine 12.2.1_git20220924-r10) 
2024/01/27 09:45:05 [notice] 1#1: OS: Linux 6.5.11-linuxkit
2024/01/27 09:45:05 [notice] 1#1: getrlimit(RLIMIT_NOFILE): 1048576:1048576
2024/01/27 09:45:05 [notice] 1#1: start worker processes
2024/01/27 09:45:05 [notice] 1#1: start worker process 22
2024/01/27 09:45:05 [notice] 1#1: start worker process 23
2024/01/27 09:45:05 [notice] 1#1: start worker process 24
2024/01/27 09:45:05 [notice] 1#1: start worker process 25
2024/01/27 09:49:20 [emerg] 1#1: host not found in upstream "php83" in /etc/nginx/conf.d/default.conf:32
2024/01/27 09:49:39 [emerg] 1#1: host not found in upstream "php83" in /etc/nginx/conf.d/default.conf:32
2024/01/27 09:49:56 [emerg] 1#1: host not found in upstream "php" in /etc/nginx/conf.d/default.conf:32
2024/01/27 09:59:55 [emerg] 1#1: host not found in upstream "php" in /etc/nginx/conf.d/default.conf:32
2024/01/27 10:00:22 [notice] 1#1: using the "epoll" event method
2024/01/27 10:00:22 [notice] 1#1: nginx/1.25.3
2024/01/27 10:00:22 [notice] 1#1: built by gcc 12.2.1 20220924 (Alpine 12.2.1_git20220924-r10) 
2024/01/27 10:00:22 [notice] 1#1: OS: Linux 6.5.11-linuxkit
2024/01/27 10:00:22 [notice] 1#1: getrlimit(RLIMIT_NOFILE): 1048576:1048576
2024/01/27 10:00:22 [notice] 1#1: start worker processes
2024/01/27 10:00:22 [notice] 1#1: start worker process 29
2024/01/27 10:00:22 [notice] 1#1: start worker process 30
2024/01/27 10:00:22 [notice] 1#1: start worker process 31
2024/01/27 10:00:22 [notice] 1#1: start worker process 32
2024/01/27 10:05:33 [notice] 1#1: using the "epoll" event method
2024/01/27 10:05:33 [notice] 1#1: nginx/1.25.3
2024/01/27 10:05:33 [notice] 1#1: built by gcc 12.2.1 20220924 (Alpine 12.2.1_git20220924-r10) 
2024/01/27 10:05:33 [notice] 1#1: OS: Linux 6.5.11-linuxkit
2024/01/27 10:05:33 [notice] 1#1: getrlimit(RLIMIT_NOFILE): 1048576:1048576
2024/01/27 10:05:33 [notice] 1#1: start worker processes
2024/01/27 10:05:33 [notice] 1#1: start worker process 29
2024/01/27 10:05:33 [notice] 1#1: start worker process 30
2024/01/27 10:05:33 [notice] 1#1: start worker process 31
2024/01/27 10:05:33 [notice] 1#1: start worker process 32
2024/01/27 10:05:54 [notice] 1#1: signal 3 (SIGQUIT) received, shutting down
2024/01/27 10:05:54 [notice] 29#29: gracefully shutting down
2024/01/27 10:05:54 [notice] 29#29: exiting
2024/01/27 10:05:54 [notice] 32#32: gracefully shutting down
2024/01/27 10:05:54 [notice] 32#32: exiting
2024/01/27 10:05:54 [notice] 30#30: gracefully shutting down
2024/01/27 10:05:54 [notice] 30#30: exiting
2024/01/27 10:05:54 [notice] 31#31: gracefully shutting down
2024/01/27 10:05:54 [notice] 31#31: exiting
2024/01/27 10:05:54 [notice] 29#29: exit
2024/01/27 10:05:54 [notice] 32#32: exit
2024/01/27 10:05:54 [notice] 30#30: exit
2024/01/27 10:05:54 [notice] 31#31: exit
2024/01/27 10:05:54 [notice] 1#1: signal 17 (SIGCHLD) received from 32
2024/01/27 10:05:54 [notice] 1#1: worker process 30 exited with code 0
2024/01/27 10:05:54 [notice] 1#1: worker process 32 exited with code 0
2024/01/27 10:05:54 [notice] 1#1: signal 29 (SIGIO) received
2024/01/27 10:05:54 [notice] 1#1: signal 17 (SIGCHLD) received from 30
2024/01/27 10:05:54 [notice] 1#1: worker process 29 exited with code 0
2024/01/27 10:05:54 [notice] 1#1: worker process 31 exited with code 0
2024/01/27 10:05:54 [notice] 1#1: exit
2024/01/27 10:05:55 [emerg] 1#1: host not found in upstream "php" in /etc/nginx/conf.d/default.conf:32
2024/01/27 10:06:35 [emerg] 1#1: host not found in upstream "php" in /etc/nginx/conf.d/default.conf:32
2024/01/27 10:06:55 [notice] 1#1: using the "epoll" event method
2024/01/27 10:06:55 [notice] 1#1: nginx/1.25.3
2024/01/27 10:06:55 [notice] 1#1: built by gcc 12.2.1 20220924 (Alpine 12.2.1_git20220924-r10) 
2024/01/27 10:06:55 [notice] 1#1: OS: Linux 6.5.11-linuxkit
2024/01/27 10:06:55 [notice] 1#1: getrlimit(RLIMIT_NOFILE): 1048576:1048576
2024/01/27 10:06:55 [notice] 1#1: start worker processes
2024/01/27 10:06:55 [notice] 1#1: start worker process 22
2024/01/27 10:06:55 [notice] 1#1: start worker process 23
2024/01/27 10:06:55 [notice] 1#1: start worker process 24
2024/01/27 10:06:55 [notice] 1#1: start worker process 25
2024/01/27 10:07:25 [notice] 1#1: signal 3 (SIGQUIT) received, shutting down
2024/01/27 10:07:25 [notice] 23#23: gracefully shutting down
2024/01/27 10:07:25 [notice] 22#22: gracefully shutting down
2024/01/27 10:07:25 [notice] 25#25: gracefully shutting down
2024/01/27 10:07:25 [notice] 25#25: exiting
2024/01/27 10:07:25 [notice] 24#24: gracefully shutting down
2024/01/27 10:07:25 [notice] 23#23: exiting
2024/01/27 10:07:25 [notice] 25#25: exit
2024/01/27 10:07:25 [notice] 24#24: exiting
2024/01/27 10:07:25 [notice] 23#23: exit
2024/01/27 10:07:25 [notice] 24#24: exit
2024/01/27 10:07:25 [notice] 1#1: signal 17 (SIGCHLD) received from 25
2024/01/27 10:07:25 [notice] 1#1: worker process 25 exited with code 0
2024/01/27 10:07:25 [notice] 1#1: signal 29 (SIGIO) received
2024/01/27 10:07:25 [notice] 1#1: signal 17 (SIGCHLD) received from 24
2024/01/27 10:07:25 [notice] 1#1: worker process 24 exited with code 0
2024/01/27 10:07:25 [notice] 1#1: signal 29 (SIGIO) received
2024/01/27 10:07:25 [notice] 1#1: signal 17 (SIGCHLD) received from 23
2024/01/27 10:07:25 [notice] 1#1: worker process 23 exited with code 0
2024/01/27 10:07:25 [notice] 1#1: signal 29 (SIGIO) received
2024/01/27 10:07:36 [emerg] 1#1: host not found in upstream "php" in /etc/nginx/conf.d/default.conf:32
2024/01/27 10:07:53 [notice] 1#1: using the "epoll" event method
2024/01/27 10:07:53 [notice] 1#1: nginx/1.25.3
2024/01/27 10:07:53 [notice] 1#1: built by gcc 12.2.1 20220924 (Alpine 12.2.1_git20220924-r10) 
2024/01/27 10:07:53 [notice] 1#1: OS: Linux 6.5.11-linuxkit
2024/01/27 10:07:53 [notice] 1#1: getrlimit(RLIMIT_NOFILE): 1048576:1048576
2024/01/27 10:07:53 [notice] 1#1: start worker processes
2024/01/27 10:07:53 [notice] 1#1: start worker process 22
2024/01/27 10:07:53 [notice] 1#1: start worker process 23
2024/01/27 10:07:53 [notice] 1#1: start worker process 24
2024/01/27 10:07:53 [notice] 1#1: start worker process 25
2024/01/27 10:36:44 [emerg] 1#1: host not found in upstream "php83" in /etc/nginx/conf.d/default.conf:32
2024/01/27 10:38:00 [notice] 1#1: using the "epoll" event method
2024/01/27 10:38:00 [notice] 1#1: nginx/1.25.3
2024/01/27 10:38:00 [notice] 1#1: built by gcc 12.2.1 20220924 (Alpine 12.2.1_git20220924-r10) 
2024/01/27 10:38:00 [notice] 1#1: OS: Linux 6.5.11-linuxkit
2024/01/27 10:38:00 [notice] 1#1: getrlimit(RLIMIT_NOFILE): 1048576:1048576
2024/01/27 10:38:00 [notice] 1#1: start worker processes
2024/01/27 10:38:00 [notice] 1#1: start worker process 22
2024/01/27 10:38:00 [notice] 1#1: start worker process 23
2024/01/27 10:38:00 [notice] 1#1: start worker process 24
2024/01/27 10:38:00 [notice] 1#1: start worker process 25
2024/01/27 11:01:53 [notice] 1#1: using the "epoll" event method
2024/01/27 11:01:53 [notice] 1#1: nginx/1.25.3
2024/01/27 11:01:53 [notice] 1#1: built by gcc 12.2.1 20220924 (Alpine 12.2.1_git20220924-r10) 
2024/01/27 11:01:53 [notice] 1#1: OS: Linux 6.5.11-linuxkit
2024/01/27 11:01:53 [notice] 1#1: getrlimit(RLIMIT_NOFILE): 1048576:1048576
2024/01/27 11:01:53 [notice] 1#1: start worker processes
2024/01/27 11:01:53 [notice] 1#1: start worker process 22
2024/01/27 11:01:53 [notice] 1#1: start worker process 23
2024/01/27 11:01:53 [notice] 1#1: start worker process 24
2024/01/27 11:01:53 [notice] 1#1: start worker process 25
2024/01/27 11:02:31 [notice] 1#1: signal 3 (SIGQUIT) received, shutting down
2024/01/27 11:02:31 [notice] 23#23: gracefully shutting down
2024/01/27 11:02:31 [notice] 23#23: exiting
2024/01/27 11:02:31 [notice] 24#24: gracefully shutting down
2024/01/27 11:02:31 [notice] 25#25: gracefully shutting down
2024/01/27 11:02:31 [notice] 25#25: exiting
2024/01/27 11:02:31 [notice] 22#22: gracefully shutting down
2024/01/27 11:02:31 [notice] 23#23: exit
2024/01/27 11:02:31 [notice] 24#24: exiting
2024/01/27 11:02:31 [notice] 25#25: exit
2024/01/27 11:02:31 [notice] 22#22: exiting
2024/01/27 11:02:31 [notice] 24#24: exit
2024/01/27 11:02:31 [notice] 22#22: exit
2024/01/27 11:02:31 [notice] 1#1: signal 17 (SIGCHLD) received from 23
2024/01/27 11:02:31 [notice] 1#1: worker process 23 exited with code 0
2024/01/27 11:02:31 [notice] 1#1: signal 29 (SIGIO) received
2024/01/27 11:02:31 [notice] 1#1: signal 17 (SIGCHLD) received from 24
2024/01/27 11:02:31 [notice] 1#1: worker process 24 exited with code 0
2024/01/27 11:02:31 [notice] 1#1: signal 29 (SIGIO) received
2024/01/27 11:02:31 [notice] 1#1: signal 17 (SIGCHLD) received from 25
2024/01/27 11:02:31 [notice] 1#1: worker process 22 exited with code 0
2024/01/27 11:02:31 [notice] 1#1: worker process 25 exited with code 0
2024/01/27 11:02:31 [notice] 1#1: exit
2024/01/27 11:02:32 [emerg] 1#1: host not found in upstream "php" in /etc/nginx/conf.d/default.conf:32
2024/01/27 11:02:58 [notice] 1#1: using the "epoll" event method
2024/01/27 11:02:58 [notice] 1#1: nginx/1.25.3
2024/01/27 11:02:58 [notice] 1#1: built by gcc 12.2.1 20220924 (Alpine 12.2.1_git20220924-r10) 
2024/01/27 11:02:58 [notice] 1#1: OS: Linux 6.5.11-linuxkit
2024/01/27 11:02:58 [notice] 1#1: getrlimit(RLIMIT_NOFILE): 1048576:1048576
2024/01/27 11:02:58 [notice] 1#1: start worker processes
2024/01/27 11:02:58 [notice] 1#1: start worker process 22
2024/01/27 11:02:58 [notice] 1#1: start worker process 23
2024/01/27 11:02:58 [notice] 1#1: start worker process 24
2024/01/27 11:02:58 [notice] 1#1: start worker process 25
